<?xml version="1.0" encoding="UTF-8"?>
<!-- Generated by org.testng.reporters.JUnitXMLReporter -->
<testsuite ignored="2" hostname="BHARDWAJ" failures="0" tests="4" name="Test" time="0.058" errors="0" timestamp="2022-09-08T17:09:56 IST">
  <testcase classname="Practice.testNg.testNgTest1" name="testCase2" time="0.007"/>
  <testcase classname="Practice.testNg.testNgTest2" name="testCase4" time="0.001"/>
  <testcase classname="Practice.testNg.testNgTest2" name="testCase5" time="0.002"/>
  <testcase classname="Practice.testNg.testNgTest2" name="testCase6" time="0.0"/>
  <testcase classname="Practice.testNg.testNgTest1" name="testCase3" time="0.0">
    <ignored/>
  </testcase> <!-- testCase3 -->
  <testcase classname="Practice.testNg.testNgTest1" name="testCase1" time="0.0">
    <ignored/>
  </testcase> <!-- testCase1 -->
</testsuite> <!-- Test -->
