<?xml version="1.0" encoding="UTF-8"?>
<!-- Generated by org.testng.reporters.JUnitXMLReporter -->
<testsuite ignored="0" hostname="BHARDWAJ" failures="2" tests="2" name="Test" time="7.413" errors="0" timestamp="2022-09-14T17:45:25 IST">
  <testcase classname="Practice.testNg.ScreenshotPractise" name="screenshot" time="0.012">
    <failure type="java.lang.AssertionError" message="null">
      <![CDATA[java.lang.AssertionError: null
at Practice.testNg.ScreenshotPractise.screenshot(ScreenshotPractise.java:11)
at java.base/java.util.ArrayList.forEach(ArrayList.java:1511)
... Removed 29 stack frames]]>
    </failure>
  </testcase> <!-- screenshot -->
  <testcase classname="Practice.testNg.ScreenshotPractise" name="screenshot" time="2.334">
    <failure type="java.nio.file.InvalidPathException" message="Illegal char &amp;lt;:&amp;gt; at index 35: .\screenshot\screenshot_14\09\22, 5:45 pm.png">
      <![CDATA[java.nio.file.InvalidPathException: Illegal char <:> at index 35: .\screenshot\screenshot_14\09\22, 5:45 pm.png
at java.base/sun.nio.fs.WindowsPathParser.normalize(WindowsPathParser.java:182)
at java.base/sun.nio.fs.WindowsPathParser.parse(WindowsPathParser.java:153)
at java.base/sun.nio.fs.WindowsPathParser.parse(WindowsPathParser.java:77)
at java.base/sun.nio.fs.WindowsPath.parse(WindowsPath.java:92)
at java.base/sun.nio.fs.WindowsFileSystem.getPath(WindowsFileSystem.java:232)
at java.base/java.io.File.toPath(File.java:2387)
at org.apache.commons.io.FileUtils.copyFile(FileUtils.java:850)
at org.apache.commons.io.FileUtils.copyFile(FileUtils.java:756)
at CRM.generic.WebDriverUtility.screenShot(WebDriverUtility.java:157)
at CRM.generic.ListnerImplementation.onTestFailure(ListnerImplementation.java:27)
at java.base/java.util.ArrayList.forEach(ArrayList.java:1511)
... Removed 24 stack frames]]>
    </failure>
  </testcase> <!-- screenshot -->
</testsuite> <!-- Test -->
