<?xml version="1.0" encoding="UTF-8"?>
<!-- Generated by org.testng.reporters.JUnitXMLReporter -->
<testsuite ignored="0" hostname="BHARDWAJ" failures="0" tests="3" name="Test" time="0.067" errors="0" timestamp="2022-09-08T17:20:23 IST">
  <testcase classname="Practice.testNg.testNgTest1" name="testCase3" time="0.009"/>
  <testcase classname="Practice.testNg.testNgTest1" name="testCase1" time="0.002"/>
  <testcase classname="Practice.testNg.testNgTest1" name="testCase2" time="0.002"/>
</testsuite> <!-- Test -->
