<?xml version="1.0" encoding="UTF-8"?>
<!-- Generated by org.testng.reporters.JUnitXMLReporter -->
<testsuite ignored="0" hostname="BHARDWAJ" failures="1" tests="6" name="Test" time="0.069" errors="0" timestamp="2022-09-13T11:44:11 IST">
  <testcase classname="Practice.testNg.testNgTest1" name="testCase3" time="0.007"/>
  <testcase classname="Practice.testNg.testNgTest1" name="testCase1" time="0.002"/>
  <testcase classname="Practice.testNg.testNgTest1" name="testCase2" time="0.002"/>
  <testcase classname="Practice.testNg.testNgTest2" name="testCase5" time="0.005">
    <failure type="java.lang.AssertionError" message="null">
      <![CDATA[java.lang.AssertionError: null
at Practice.testNg.testNgTest2.testCase5(testNgTest2.java:18)
at java.base/java.util.ArrayList.forEach(ArrayList.java:1511)
... Removed 29 stack frames]]>
    </failure>
  </testcase> <!-- testCase5 -->
  <testcase classname="Practice.testNg.testNgTest2" name="testCase4" time="0.0">
    <skipped/>
  </testcase> <!-- testCase4 -->
  <testcase classname="Practice.testNg.testNgTest2" name="testCase6" time="0.001"/>
</testsuite> <!-- Test -->
